

> @cartridge/controller@0.5.8 build:deps /Users/nasr/Documents/development.nosync/controller/packages/controller
> tsup --dts-resolve

[34mCLI[39m Building entry: src/account.ts, src/constants.ts, src/controller.ts, src/errors.ts, src/icon.ts, src/index.ts, src/lookup.ts, src/mutex.ts, src/policies.ts, src/provider.ts, src/types.ts, src/utils.ts, src/__tests__/parseChainId.test.ts, src/iframe/base.ts, src/iframe/index.ts, src/iframe/keychain.ts, src/iframe/profile.ts, src/session/account.ts, src/session/backend.ts, src/session/index.ts, src/session/provider.ts, src/telegram/backend.ts, src/telegram/provider.ts
[34mCLI[39m Using tsconfig: tsconfig.json
[34mCLI[39m tsup v8.3.0
[34mCLI[39m Using tsup config: /Users/nasr/Documents/development.nosync/controller/packages/controller/package.json
[34mCLI[39m Target: esnext
[34mCLI[39m Cleaning output folder
[34mESM[39m Build start
[32mESM[39m [1mdist/account.js                         [22m[32m2.88 KB[39m
[32mESM[39m [1mdist/constants.js                       [22m[32m247.00 B[39m
[32mESM[39m [1mdist/icon.js                            [22m[32m15.15 KB[39m
[32mESM[39m [1mdist/controller.js                      [22m[32m37.57 KB[39m
[32mESM[39m [1mdist/errors.js                          [22m[32m271.00 B[39m
[32mESM[39m [1mdist/lookup.js                          [22m[32m1.59 KB[39m
[32mESM[39m [1mdist/mutex.js                           [22m[32m502.00 B[39m
[32mESM[39m [1mdist/policies.js                        [22m[32m593.00 B[39m
[32mESM[39m [1mdist/types.js                           [22m[32m437.00 B[39m
[32mESM[39m [1mdist/iframe/index.js                    [22m[32m5.20 KB[39m
[32mESM[39m [1mdist/__tests__/parseChainId.test.js     [22m[32m2.92 KB[39m
[32mESM[39m [1mdist/iframe/keychain.js                 [22m[32m4.16 KB[39m
[32mESM[39m [1mdist/index.js                           [22m[32m261.70 KB[39m
[32mESM[39m [1mdist/iframe/base.js                     [22m[32m3.68 KB[39m
[32mESM[39m [1mdist/provider.js                        [22m[32m21.57 KB[39m
[32mESM[39m [1mdist/session/account.js                 [22m[32m2.32 KB[39m
[32mESM[39m [1mdist/session/backend.js                 [22m[32m1.18 KB[39m
[32mESM[39m [1mdist/session/index.js                   [22m[32m30.96 KB[39m
[32mESM[39m [1mdist/iframe/profile.js                  [22m[32m4.73 KB[39m
[32mESM[39m [1mdist/telegram/backend.js                [22m[32m1.27 KB[39m
[32mESM[39m [1mdist/session/provider.js                [22m[32m30.36 KB[39m
[32mESM[39m [1mdist/utils.js                           [22m[32m3.60 KB[39m
[32mESM[39m [1mdist/telegram/provider.js               [22m[32m27.24 KB[39m
[32mESM[39m [1mdist/account.js.map                     [22m[32m9.89 KB[39m
[32mESM[39m [1mdist/constants.js.map                   [22m[32m315.00 B[39m
[32mESM[39m [1mdist/icon.js.map                        [22m[32m15.20 KB[39m
[32mESM[39m [1mdist/controller.js.map                  [22m[32m63.46 KB[39m
[32mESM[39m [1mdist/iframe/index.js.map                [22m[32m10.50 KB[39m
[32mESM[39m [1mdist/policies.js.map                    [22m[32m1.61 KB[39m
[32mESM[39m [1mdist/lookup.js.map                      [22m[32m3.49 KB[39m
[32mESM[39m [1mdist/iframe/base.js.map                 [22m[32m7.12 KB[39m
[32mESM[39m [1mdist/__tests__/parseChainId.test.js.map [22m[32m8.60 KB[39m
[32mESM[39m [1mdist/mutex.js.map                       [22m[32m1.00 KB[39m
[32mESM[39m [1mdist/errors.js.map                      [22m[32m385.00 B[39m
[32mESM[39m [1mdist/iframe/keychain.js.map             [22m[32m8.31 KB[39m
[32mESM[39m [1mdist/session/backend.js.map             [22m[32m2.88 KB[39m
[32mESM[39m [1mdist/types.js.map                       [22m[32m4.75 KB[39m
[32mESM[39m [1mdist/provider.js.map                    [22m[32m28.26 KB[39m
[32mESM[39m [1mdist/session/account.js.map             [22m[32m12.28 KB[39m
[32mESM[39m [1mdist/session/index.js.map               [22m[32m53.42 KB[39m
[32mESM[39m [1mdist/telegram/backend.js.map            [22m[32m1.98 KB[39m
[32mESM[39m [1mdist/session/provider.js.map            [22m[32m48.42 KB[39m
[32mESM[39m [1mdist/iframe/profile.js.map              [22m[32m9.51 KB[39m
[32mESM[39m [1mdist/telegram/provider.js.map           [22m[32m43.43 KB[39m
[32mESM[39m [1mdist/utils.js.map                       [22m[32m7.28 KB[39m
[32mESM[39m [1mdist/index.js.map                       [22m[32m396.68 KB[39m
[32mESM[39m ⚡️ Build success in 96ms
[34mDTS[39m Build start
[32mDTS[39m ⚡️ Build success in 7320ms
[32mDTS[39m [1mdist/index.d.ts                       [22m[32m1.31 KB[39m
[32mDTS[39m [1mdist/__tests__/parseChainId.test.d.ts [22m[32m13.00 B[39m
[32mDTS[39m [1mdist/session/index.d.ts               [22m[32m762.00 B[39m
[32mDTS[39m [1mdist/account.d.ts                     [22m[32m1.64 KB[39m
[32mDTS[39m [1mdist/constants.d.ts                   [22m[32m215.00 B[39m
[32mDTS[39m [1mdist/icon.d.ts                        [22m[32m15.11 KB[39m
[32mDTS[39m [1mdist/controller.d.ts                  [22m[32m1.34 KB[39m
[32mDTS[39m [1mdist/lookup.d.ts                      [22m[32m216.00 B[39m
[32mDTS[39m [1mdist/mutex.d.ts                       [22m[32m378.00 B[39m
[32mDTS[39m [1mdist/utils.d.ts                       [22m[32m867.00 B[39m
[32mDTS[39m [1mdist/session/account.d.ts             [22m[32m1.83 KB[39m
[32mDTS[39m [1mdist/errors.d.ts                      [22m[32m100.00 B[39m
[32mDTS[39m [1mdist/session/provider.d.ts            [22m[32m1.30 KB[39m
[32mDTS[39m [1mdist/telegram/backend.d.ts            [22m[32m1.28 KB[39m
[32mDTS[39m [1mdist/session/backend.d.ts             [22m[32m2.29 KB[39m
[32mDTS[39m [1mdist/telegram/provider.d.ts           [22m[32m1.01 KB[39m
[32mDTS[39m [1mdist/policies.d.ts                    [22m[32m680.00 B[39m
[32mDTS[39m [1mdist/provider.d.ts                    [22m[32m987.00 B[39m
[32mDTS[39m [1mdist/iframe/base.d.ts                 [22m[32m184.00 B[39m
[32mDTS[39m [1mdist/iframe/keychain.d.ts             [22m[32m172.00 B[39m
[32mDTS[39m [1mdist/iframe/profile.d.ts              [22m[32m198.00 B[39m
[32mDTS[39m [1mdist/iframe/index.d.ts                [22m[32m252.00 B[39m
[32mDTS[39m [1mdist/types.d.ts                       [22m[32m603.00 B[39m
[32mDTS[39m [1mdist/index.d-BbTUPBeO.d.ts            [22m[32m2.15 KB[39m
[32mDTS[39m [1mdist/types-CVnDQVqD.d.ts              [22m[32m6.21 KB[39m
